[ 2015-03-18T11:45:25+08:00 ] ::1 /cpreport/index.php/LoginPage/index
INFO: [ app_init ] --START--
INFO: Run Behavior\BuildLiteBehavior [ RunTime:0.000000s ]
INFO: [ app_init ] --END-- [ RunTime:0.000000s ]
ERR: 无法加载模块:LoginPage

[ 2015-03-18T11:45:37+08:00 ] ::1 /cpreport/index.php/LoginPage/index
INFO: [ app_init ] --START--
INFO: Run Behavior\BuildLiteBehavior [ RunTime:0.000000s ]
INFO: [ app_init ] --END-- [ RunTime:0.000000s ]
ERR: 无法加载模块:LoginPage

[ 2015-03-18T11:45:40+08:00 ] ::1 /cpreport/index.php/LoginPage/index
INFO: [ app_init ] --START--
INFO: Run Behavior\BuildLiteBehavior [ RunTime:0.000000s ]
INFO: [ app_init ] --END-- [ RunTime:0.000000s ]
ERR: 无法加载模块:LoginPage

[ 2015-03-18T11:46:15+08:00 ] ::1 /cpreport/index.php/LoginPage/index
INFO: [ app_init ] --START--
INFO: Run Behavior\BuildLiteBehavior [ RunTime:0.000000s ]
INFO: [ app_init ] --END-- [ RunTime:0.000000s ]
ERR: 无法加载模块:LoginPage

[ 2015-03-18T11:46:16+08:00 ] ::1 /cpreport/index.php/LoginPage/index
INFO: [ app_init ] --START--
INFO: Run Behavior\BuildLiteBehavior [ RunTime:0.000000s ]
INFO: [ app_init ] --END-- [ RunTime:0.000000s ]
ERR: 无法加载模块:LoginPage

[ 2015-03-18T11:46:16+08:00 ] ::1 /cpreport/index.php/LoginPage/index
INFO: [ app_init ] --START--
INFO: Run Behavior\BuildLiteBehavior [ RunTime:0.000000s ]
INFO: [ app_init ] --END-- [ RunTime:0.000000s ]
ERR: 无法加载模块:LoginPage

[ 2015-03-18T11:49:17+08:00 ] ::1 /cpreport/index.php/LoginPage/index
INFO: [ app_init ] --START--
INFO: Run Behavior\BuildLiteBehavior [ RunTime:0.000000s ]
INFO: [ app_init ] --END-- [ RunTime:0.000000s ]
ERR: 无法加载模块:LoginPage

[ 2015-03-18T11:49:17+08:00 ] ::1 /cpreport/index.php/LoginPage/index
INFO: [ app_init ] --START--
INFO: Run Behavior\BuildLiteBehavior [ RunTime:0.000000s ]
INFO: [ app_init ] --END-- [ RunTime:0.001000s ]
ERR: 无法加载模块:LoginPage

[ 2015-03-18T11:49:20+08:00 ] ::1 /cpreport/index.php/LoginPage/index
INFO: [ app_init ] --START--
INFO: Run Behavior\BuildLiteBehavior [ RunTime:0.000000s ]
INFO: [ app_init ] --END-- [ RunTime:0.001000s ]
ERR: 无法加载模块:LoginPage

[ 2015-03-18T11:49:33+08:00 ] ::1 /cpreport/index.php/LoginPage/index
INFO: [ app_init ] --START--
INFO: Run Behavior\BuildLiteBehavior [ RunTime:0.000000s ]
INFO: [ app_init ] --END-- [ RunTime:0.001000s ]
ERR: 无法加载模块:LoginPage

